<?xml version="1.0" encoding="UTF-8"?>
<testsuite xmlns:xsi="http://www.w3.org/2001/XMLSchema-instance" xsi:noNamespaceSchemaLocation="https://maven.apache.org/surefire/maven-surefire-plugin/xsd/surefire-test-report.xsd" version="3.0.1" name="some.BookTest" time="2.356" tests="2" errors="0" skipped="0" failures="0">
  <properties>
[...]
</properties>
  <testcase name="testAdd" classname="some.BookTest" time="2.135">
    <system-out><![CDATA[Response code: 201
]]></system-out>
  </testcase>
  <testcase name="testGet" classname="some.BookTest" time="0.124">
    <system-out><![CDATA[Response code: 200
Title: 1984
]]></system-out>
  </testcase>
</testsuite>